Error: Unable to access jarfile ./target/training-init-1.0-SNAPSHOT.jar
Error: Unable to access jarfile ./target/training-init-1.0-SNAPSHOT.jar
Error: Unable to access jarfile ./target/training-init-1.0-SNAPSHOT.jar

  .   ____          _            __ _ _
 /\\ / ___'_ __ _ _(_)_ __  __ _ \ \ \ \
( ( )\___ | '_ | '_| | '_ \/ _` | \ \ \ \
 \\/  ___)| |_)| | | | | || (_| |  ) ) ) )
  '  |____| .__|_| |_|_| |_\__, | / / / /
 =========|_|==============|___/=/_/_/_/
 :: Spring Boot ::        (v2.2.5.RELEASE)

2021-11-18 08:55:35.583  INFO 4129 --- [           main] c.c.training.TraningApplication          : Starting TraningApplication v1.0-SNAPSHOT on fabmedical-xp with PID 4129 (/home/adminfabmedical/Fabmedical/content-init/target/training-init-1.0-SNAPSHOT.jar started by adminfabmedical in /home/adminfabmedical/Fabmedical/content-init)
2021-11-18 08:55:35.593  INFO 4129 --- [           main] c.c.training.TraningApplication          : No active profile set, falling back to default profiles: default
2021-11-18 08:55:38.067  INFO 4129 --- [           main] o.s.b.w.embedded.tomcat.TomcatWebServer  : Tomcat initialized with port(s): 3002 (http)
2021-11-18 08:55:38.087  INFO 4129 --- [           main] o.apache.catalina.core.StandardService   : Starting service [Tomcat]
2021-11-18 08:55:38.088  INFO 4129 --- [           main] org.apache.catalina.core.StandardEngine  : Starting Servlet engine: [Apache Tomcat/9.0.31]
2021-11-18 08:55:38.183  INFO 4129 --- [           main] o.a.c.c.C.[Tomcat].[localhost].[/]       : Initializing Spring embedded WebApplicationContext
2021-11-18 08:55:38.183  INFO 4129 --- [           main] o.s.web.context.ContextLoader            : Root WebApplicationContext: initialization completed in 2426 ms
2021-11-18 08:55:38.472  INFO 4129 --- [           main] com.zaxxer.hikari.HikariDataSource       : HikariPool-1 - Starting...
2021-11-18 08:55:38.762  INFO 4129 --- [           main] com.zaxxer.hikari.HikariDataSource       : HikariPool-1 - Start completed.
 _ _   |_  _ _|_. ___ _ |    _ 
| | |\/|_)(_| | |_\  |_)||_|_\ 
     /               |         
                        3.3.1 
2021-11-18 08:55:40.072  INFO 4129 --- [           main] o.s.s.concurrent.ThreadPoolTaskExecutor  : Initializing ExecutorService 'applicationTaskExecutor'
2021-11-18 08:55:40.485  INFO 4129 --- [           main] o.s.b.w.embedded.tomcat.TomcatWebServer  : Tomcat started on port(s): 3002 (http) with context path ''
2021-11-18 08:55:40.490  INFO 4129 --- [           main] c.c.training.TraningApplication          : Started TraningApplication in 6.224 seconds (JVM running for 6.953)

  .   ____          _            __ _ _
 /\\ / ___'_ __ _ _(_)_ __  __ _ \ \ \ \
( ( )\___ | '_ | '_| | '_ \/ _` | \ \ \ \
 \\/  ___)| |_)| | | | | || (_| |  ) ) ) )
  '  |____| .__|_| |_|_| |_\__, | / / / /
 =========|_|==============|___/=/_/_/_/
 :: Spring Boot ::        (v2.2.5.RELEASE)

2021-11-18 08:55:45.396  INFO 4180 --- [           main] c.c.training.TraningApplication          : Starting TraningApplication v1.0-SNAPSHOT on fabmedical-xp with PID 4180 (/home/adminfabmedical/Fabmedical/content-init/target/training-init-1.0-SNAPSHOT.jar started by adminfabmedical in /home/adminfabmedical/Fabmedical/content-init)
2021-11-18 08:55:45.407  INFO 4180 --- [           main] c.c.training.TraningApplication          : No active profile set, falling back to default profiles: default
2021-11-18 08:55:47.958  INFO 4180 --- [           main] o.s.b.w.embedded.tomcat.TomcatWebServer  : Tomcat initialized with port(s): 3002 (http)
2021-11-18 08:55:47.978  INFO 4180 --- [           main] o.apache.catalina.core.StandardService   : Starting service [Tomcat]
2021-11-18 08:55:47.978  INFO 4180 --- [           main] org.apache.catalina.core.StandardEngine  : Starting Servlet engine: [Apache Tomcat/9.0.31]
2021-11-18 08:55:48.071  INFO 4180 --- [           main] o.a.c.c.C.[Tomcat].[localhost].[/]       : Initializing Spring embedded WebApplicationContext
2021-11-18 08:55:48.071  INFO 4180 --- [           main] o.s.web.context.ContextLoader            : Root WebApplicationContext: initialization completed in 2483 ms
2021-11-18 08:55:48.465  INFO 4180 --- [           main] com.zaxxer.hikari.HikariDataSource       : HikariPool-1 - Starting...
2021-11-18 08:55:49.048  INFO 4180 --- [           main] com.zaxxer.hikari.HikariDataSource       : HikariPool-1 - Start completed.
 _ _   |_  _ _|_. ___ _ |    _ 
| | |\/|_)(_| | |_\  |_)||_|_\ 
     /               |         
                        3.3.1 

  .   ____          _            __ _ _
 /\\ / ___'_ __ _ _(_)_ __  __ _ \ \ \ \
( ( )\___ | '_ | '_| | '_ \/ _` | \ \ \ \
 \\/  ___)| |_)| | | | | || (_| |  ) ) ) )
  '  |____| .__|_| |_|_| |_\__, | / / / /
 =========|_|==============|___/=/_/_/_/
 :: Spring Boot ::        (v2.2.5.RELEASE)

2021-11-18 08:55:51.710  INFO 4180 --- [           main] o.s.s.concurrent.ThreadPoolTaskExecutor  : Initializing ExecutorService 'applicationTaskExecutor'
2021-11-18 08:55:51.950  INFO 4200 --- [           main] c.c.training.TraningApplication          : Starting TraningApplication v1.0-SNAPSHOT on fabmedical-xp with PID 4200 (/home/adminfabmedical/Fabmedical/content-init/target/training-init-1.0-SNAPSHOT.jar started by adminfabmedical in /home/adminfabmedical/Fabmedical/content-init)
2021-11-18 08:55:51.963  INFO 4200 --- [           main] c.c.training.TraningApplication          : No active profile set, falling back to default profiles: default
2021-11-18 08:55:52.539  INFO 4180 --- [           main] o.apache.catalina.core.StandardService   : Stopping service [Tomcat]
2021-11-18 08:55:52.565  INFO 4180 --- [           main] ConditionEvaluationReportLoggingListener : 

Error starting ApplicationContext. To display the conditions report re-run your application with 'debug' enabled.
2021-11-18 08:55:52.568 ERROR 4180 --- [           main] o.s.b.d.LoggingFailureAnalysisReporter   : 

***************************
APPLICATION FAILED TO START
***************************

Description:

Web server failed to start. Port 3002 was already in use.

Action:

Identify and stop the process that's listening on port 3002 or configure this application to listen on another port.

2021-11-18 08:55:52.579  INFO 4180 --- [           main] o.s.s.concurrent.ThreadPoolTaskExecutor  : Shutting down ExecutorService 'applicationTaskExecutor'
2021-11-18 08:55:52.584  INFO 4180 --- [           main] com.zaxxer.hikari.HikariDataSource       : HikariPool-1 - Shutdown initiated...
2021-11-18 08:55:52.628  INFO 4180 --- [           main] com.zaxxer.hikari.HikariDataSource       : HikariPool-1 - Shutdown completed.
2021-11-18 08:55:54.896  INFO 4200 --- [           main] o.s.b.w.embedded.tomcat.TomcatWebServer  : Tomcat initialized with port(s): 3002 (http)
2021-11-18 08:55:54.916  INFO 4200 --- [           main] o.apache.catalina.core.StandardService   : Starting service [Tomcat]
2021-11-18 08:55:54.916  INFO 4200 --- [           main] org.apache.catalina.core.StandardEngine  : Starting Servlet engine: [Apache Tomcat/9.0.31]
2021-11-18 08:55:55.029  INFO 4200 --- [           main] o.a.c.c.C.[Tomcat].[localhost].[/]       : Initializing Spring embedded WebApplicationContext
2021-11-18 08:55:55.030  INFO 4200 --- [           main] o.s.web.context.ContextLoader            : Root WebApplicationContext: initialization completed in 2860 ms
2021-11-18 08:55:55.318  INFO 4200 --- [           main] com.zaxxer.hikari.HikariDataSource       : HikariPool-1 - Starting...
2021-11-18 08:55:55.620  INFO 4200 --- [           main] com.zaxxer.hikari.HikariDataSource       : HikariPool-1 - Start completed.
 _ _   |_  _ _|_. ___ _ |    _ 
| | |\/|_)(_| | |_\  |_)||_|_\ 
     /               |         
                        3.3.1 
2021-11-18 08:55:57.035  INFO 4200 --- [           main] o.s.s.concurrent.ThreadPoolTaskExecutor  : Initializing ExecutorService 'applicationTaskExecutor'
2021-11-18 08:55:57.328  INFO 4200 --- [           main] o.apache.catalina.core.StandardService   : Stopping service [Tomcat]
2021-11-18 08:55:57.337  INFO 4200 --- [           main] ConditionEvaluationReportLoggingListener : 

Error starting ApplicationContext. To display the conditions report re-run your application with 'debug' enabled.
2021-11-18 08:55:57.340 ERROR 4200 --- [           main] o.s.b.d.LoggingFailureAnalysisReporter   : 

***************************
APPLICATION FAILED TO START
***************************

Description:

Web server failed to start. Port 3002 was already in use.

Action:

Identify and stop the process that's listening on port 3002 or configure this application to listen on another port.

2021-11-18 08:55:57.342  INFO 4200 --- [           main] o.s.s.concurrent.ThreadPoolTaskExecutor  : Shutting down ExecutorService 'applicationTaskExecutor'
2021-11-18 08:55:57.344  INFO 4200 --- [           main] com.zaxxer.hikari.HikariDataSource       : HikariPool-1 - Shutdown initiated...
2021-11-18 08:55:57.374  INFO 4200 --- [           main] com.zaxxer.hikari.HikariDataSource       : HikariPool-1 - Shutdown completed.

  .   ____          _            __ _ _
 /\\ / ___'_ __ _ _(_)_ __  __ _ \ \ \ \
( ( )\___ | '_ | '_| | '_ \/ _` | \ \ \ \
 \\/  ___)| |_)| | | | | || (_| |  ) ) ) )
  '  |____| .__|_| |_|_| |_\__, | / / / /
 =========|_|==============|___/=/_/_/_/
 :: Spring Boot ::        (v2.2.5.RELEASE)

2021-11-18 08:58:04.896  INFO 4407 --- [           main] c.c.training.TraningApplication          : Starting TraningApplication v1.0-SNAPSHOT on fabmedical-xp with PID 4407 (/home/adminfabmedical/Fabmedical/content-init/target/training-init-1.0-SNAPSHOT.jar started by adminfabmedical in /home/adminfabmedical/Fabmedical/content-init)
2021-11-18 08:58:04.907  INFO 4407 --- [           main] c.c.training.TraningApplication          : No active profile set, falling back to default profiles: default
2021-11-18 08:58:07.443  INFO 4407 --- [           main] o.s.b.w.embedded.tomcat.TomcatWebServer  : Tomcat initialized with port(s): 3002 (http)
2021-11-18 08:58:07.463  INFO 4407 --- [           main] o.apache.catalina.core.StandardService   : Starting service [Tomcat]
2021-11-18 08:58:07.464  INFO 4407 --- [           main] org.apache.catalina.core.StandardEngine  : Starting Servlet engine: [Apache Tomcat/9.0.31]
2021-11-18 08:58:07.582  INFO 4407 --- [           main] o.a.c.c.C.[Tomcat].[localhost].[/]       : Initializing Spring embedded WebApplicationContext
2021-11-18 08:58:07.583  INFO 4407 --- [           main] o.s.web.context.ContextLoader            : Root WebApplicationContext: initialization completed in 2491 ms
2021-11-18 08:58:07.906  INFO 4407 --- [           main] com.zaxxer.hikari.HikariDataSource       : HikariPool-1 - Starting...
2021-11-18 08:58:08.208  INFO 4407 --- [           main] com.zaxxer.hikari.HikariDataSource       : HikariPool-1 - Start completed.
 _ _   |_  _ _|_. ___ _ |    _ 
| | |\/|_)(_| | |_\  |_)||_|_\ 
     /               |         
                        3.3.1 
2021-11-18 08:58:09.495  INFO 4407 --- [           main] o.s.s.concurrent.ThreadPoolTaskExecutor  : Initializing ExecutorService 'applicationTaskExecutor'
2021-11-18 08:58:09.768  INFO 4407 --- [           main] o.apache.catalina.core.StandardService   : Stopping service [Tomcat]
2021-11-18 08:58:09.775  INFO 4407 --- [           main] ConditionEvaluationReportLoggingListener : 

Error starting ApplicationContext. To display the conditions report re-run your application with 'debug' enabled.
2021-11-18 08:58:09.777 ERROR 4407 --- [           main] o.s.b.d.LoggingFailureAnalysisReporter   : 

***************************
APPLICATION FAILED TO START
***************************

Description:

Web server failed to start. Port 3002 was already in use.

Action:

Identify and stop the process that's listening on port 3002 or configure this application to listen on another port.

2021-11-18 08:58:09.780  INFO 4407 --- [           main] o.s.s.concurrent.ThreadPoolTaskExecutor  : Shutting down ExecutorService 'applicationTaskExecutor'
2021-11-18 08:58:09.781  INFO 4407 --- [           main] com.zaxxer.hikari.HikariDataSource       : HikariPool-1 - Shutdown initiated...
2021-11-18 08:58:09.801  INFO 4407 --- [           main] com.zaxxer.hikari.HikariDataSource       : HikariPool-1 - Shutdown completed.

  .   ____          _            __ _ _
 /\\ / ___'_ __ _ _(_)_ __  __ _ \ \ \ \
( ( )\___ | '_ | '_| | '_ \/ _` | \ \ \ \
 \\/  ___)| |_)| | | | | || (_| |  ) ) ) )
  '  |____| .__|_| |_|_| |_\__, | / / / /
 =========|_|==============|___/=/_/_/_/
 :: Spring Boot ::        (v2.2.5.RELEASE)

2021-11-18 09:04:21.610  INFO 4548 --- [           main] c.c.training.TraningApplication          : Starting TraningApplication v1.0-SNAPSHOT on fabmedical-xp with PID 4548 (/home/adminfabmedical/Fabmedical/content-init/target/training-init-1.0-SNAPSHOT.jar started by adminfabmedical in /home/adminfabmedical/Fabmedical/content-init)
2021-11-18 09:04:21.616  INFO 4548 --- [           main] c.c.training.TraningApplication          : No active profile set, falling back to default profiles: default
2021-11-18 09:04:24.112  INFO 4548 --- [           main] o.s.b.w.embedded.tomcat.TomcatWebServer  : Tomcat initialized with port(s): 3002 (http)
2021-11-18 09:04:24.132  INFO 4548 --- [           main] o.apache.catalina.core.StandardService   : Starting service [Tomcat]
2021-11-18 09:04:24.133  INFO 4548 --- [           main] org.apache.catalina.core.StandardEngine  : Starting Servlet engine: [Apache Tomcat/9.0.31]
2021-11-18 09:04:24.257  INFO 4548 --- [           main] o.a.c.c.C.[Tomcat].[localhost].[/]       : Initializing Spring embedded WebApplicationContext
2021-11-18 09:04:24.257  INFO 4548 --- [           main] o.s.web.context.ContextLoader            : Root WebApplicationContext: initialization completed in 2428 ms
2021-11-18 09:04:24.663  INFO 4548 --- [           main] com.zaxxer.hikari.HikariDataSource       : HikariPool-1 - Starting...
2021-11-18 09:04:25.011  INFO 4548 --- [           main] com.zaxxer.hikari.HikariDataSource       : HikariPool-1 - Start completed.
 _ _   |_  _ _|_. ___ _ |    _ 
| | |\/|_)(_| | |_\  |_)||_|_\ 
     /               |         
                        3.3.1 
2021-11-18 09:04:26.461  INFO 4548 --- [           main] o.s.s.concurrent.ThreadPoolTaskExecutor  : Initializing ExecutorService 'applicationTaskExecutor'
2021-11-18 09:04:26.763  INFO 4548 --- [           main] o.s.b.w.embedded.tomcat.TomcatWebServer  : Tomcat started on port(s): 3002 (http) with context path ''
2021-11-18 09:04:26.769  INFO 4548 --- [           main] c.c.training.TraningApplication          : Started TraningApplication in 6.449 seconds (JVM running for 7.138)
2021-11-18 10:07:10.055  INFO 4548 --- [nio-3002-exec-2] o.apache.coyote.http11.Http11Processor   : Error parsing HTTP request header
 Note: further occurrences of HTTP request parsing errors will be logged at DEBUG level.

java.lang.IllegalArgumentException: Invalid character found in method name. HTTP method names must be tokens
	at org.apache.coyote.http11.Http11InputBuffer.parseRequestLine(Http11InputBuffer.java:416) ~[tomcat-embed-core-9.0.31.jar!/:9.0.31]
	at org.apache.coyote.http11.Http11Processor.service(Http11Processor.java:260) ~[tomcat-embed-core-9.0.31.jar!/:9.0.31]
	at org.apache.coyote.AbstractProcessorLight.process(AbstractProcessorLight.java:65) [tomcat-embed-core-9.0.31.jar!/:9.0.31]
	at org.apache.coyote.AbstractProtocol$ConnectionHandler.process(AbstractProtocol.java:868) [tomcat-embed-core-9.0.31.jar!/:9.0.31]
	at org.apache.tomcat.util.net.NioEndpoint$SocketProcessor.doRun(NioEndpoint.java:1639) [tomcat-embed-core-9.0.31.jar!/:9.0.31]
	at org.apache.tomcat.util.net.SocketProcessorBase.run(SocketProcessorBase.java:49) [tomcat-embed-core-9.0.31.jar!/:9.0.31]
	at java.util.concurrent.ThreadPoolExecutor.runWorker(ThreadPoolExecutor.java:1149) [na:1.8.0_292]
	at java.util.concurrent.ThreadPoolExecutor$Worker.run(ThreadPoolExecutor.java:624) [na:1.8.0_292]
	at org.apache.tomcat.util.threads.TaskThread$WrappingRunnable.run(TaskThread.java:61) [tomcat-embed-core-9.0.31.jar!/:9.0.31]
	at java.lang.Thread.run(Thread.java:748) [na:1.8.0_292]

2021-11-18 10:07:11.151  INFO 4548 --- [nio-3002-exec-3] o.a.c.c.C.[Tomcat].[localhost].[/]       : Initializing Spring DispatcherServlet 'dispatcherServlet'
2021-11-18 10:07:11.151  INFO 4548 --- [nio-3002-exec-3] o.s.web.servlet.DispatcherServlet        : Initializing Servlet 'dispatcherServlet'
2021-11-18 10:07:11.161  INFO 4548 --- [nio-3002-exec-3] o.s.web.servlet.DispatcherServlet        : Completed initialization in 9 ms
